starting log: 30/04/19 12:18
concat
in filename: cox2.p.afa-gb
in filename: cytb.p.afa-gb
in filename: 16s.d.afa-gb
outfile: cox2.p_and_cytb.p_and_16s.d.nex
starting log: 30/04/19 12:20
concat
in filename: cox2.p.afa-gb
in filename: cytb.p.afa-gb
in filename: 16s.d.afa-gb
outfile: cox2.p_and_cytb.p_and_16s.d.nex
starting log: 30/04/19 12:20
concat
in filename: cox2.p.afa-gb
in filename: cytb.p.afa-gb
in filename: 16s.d.afa-gb
outfile: cox2.p_and_cytb.p_and_16s.d.nex
starting log: 30/04/19 12:22
concat
in filename: cox2.p.afa-gb
in filename: cytb.p.afa-gb
in filename: 16s.d.afa-gb
outfile: cox2.p_and_cytb.p_and_16s.d.nex
starting log: 30/04/19 12:22
concat
in filename: cox2.p.afa-gb
in filename: cytb.p.afa-gb
in filename: 16s.d.afa-gb
outfile: cox2.p_and_cytb.p_and_16s.d.nex
starting log: 30/04/19 12:23
concat
in filename: cox2.p.afa-gb
in filename: cytb.p.afa-gb
in filename: 16s.d.afa-gb
outfile: cox2.p_and_cytb.p_and_16s.d.nex
starting log: 30/04/19 12:23
concat
in filename: cox2.p.afa-gb
in filename: cytb.p.afa-gb
in filename: 16s.d.afa-gb
outfile: cox2.p_and_cytb.p_and_16s.d.nex
starting log: 30/04/19 12:24
concat
in filename: cox2.p.afa-gb
in filename: cytb.p.afa-gb
in filename: 16s.d.afa-gb
outfile: cox2.p_and_cytb.p_and_16s.d.nex
starting log: 30/04/19 12:24
concat
in filename: cox2.p.afa-gb
in filename: cytb.p.afa-gb
in filename: 16s.d.afa-gb
outfile: cox2.p_and_cytb.p_and_16s.d.nex
starting log: 30/04/19 12:24
concat
in filename: cox2.p.afa-gb
in filename: cytb.p.afa-gb
in filename: 16s.d.afa-gb
outfile: cox2.p_and_cytb.p_and_16s.d.nex
starting log: 30/04/19 12:24
concat
in filename: cox2.p.afa-gb
in filename: cytb.p.afa-gb
in filename: 16s.d.afa-gb
outfile: cox2.p_and_cytb.p_and_16s.d.nex
starting log: 30/04/19 12:25
concat
in filename: cox2.p.afa-gb
in filename: cytb.p.afa-gb
in filename: 16s.d.afa-gb
outfile: cox2.p_and_cytb.p_and_16s.d.nex
starting log: 30/04/19 12:26
concat
in filename: cox2.p.afa-gb
in filename: cytb.p.afa-gb
in filename: 16s.d.afa-gb
outfile: cox2.p_and_cytb.p_and_16s.d.nex
starting log: 30/04/19 12:26
concat
in filename: cox2.p.afa-gb
in filename: cytb.p.afa-gb
in filename: 16s.d.afa-gb
outfile: cox2.p_and_cytb.p_and_16s.d.nex
